<?xml version="1.0" encoding="UTF-8"?>
<!-- Generated by org.testng.reporters.JUnitXMLReporter -->
<testsuite ignored="2" hostname="Surajit" failures="1" tests="1" name="Test" time="8.077" errors="0" timestamp="2022-12-06T18:01:39 IST">
  <testcase classname="MyTest.TestNGPractice" name="linkOpenInNewTab" time="6.151">
    <failure type="java.lang.IndexOutOfBoundsException" message="Index 4 out of bounds for length 4">
      <![CDATA[java.lang.IndexOutOfBoundsException: Index 4 out of bounds for length 4
at java.base/jdk.internal.util.Preconditions.outOfBounds(Preconditions.java:64)
at java.base/jdk.internal.util.Preconditions.outOfBoundsCheckIndex(Preconditions.java:70)
at java.base/jdk.internal.util.Preconditions.checkIndex(Preconditions.java:266)
at java.base/java.util.Objects.checkIndex(Objects.java:359)
at java.base/java.util.ArrayList.get(ArrayList.java:427)
at MyTest.TestNGPractice.linkOpenInNewTab(TestNGPractice.java:61)
at java.base/java.util.ArrayList.forEach(ArrayList.java:1511)
... Removed 27 stack frames]]>
    </failure>
  </testcase> <!-- linkOpenInNewTab -->
  <testcase classname="MyTest.TestNGPractice" name="Youtube" time="0.0">
    <ignored/>
  </testcase> <!-- Youtube -->
  <testcase classname="MyTest.TestNGPractice" name="windows" time="0.0">
    <ignored/>
  </testcase> <!-- windows -->
</testsuite> <!-- Test -->
