<?xml version="1.0" encoding="UTF-8"?>
<testng-results ignored="0" total="2" passed="2" failed="0" skipped="0">
  <reporter-output>
  </reporter-output>
  <suite started-at="2023-11-26T22:11:49 IST" name="Default suite" finished-at="2023-11-26T22:11:57 IST" duration-ms="7335">
    <groups>
    </groups>
    <test started-at="2023-11-26T22:11:49 IST" name="Default test" finished-at="2023-11-26T22:11:57 IST" duration-ms="7335">
      <class name="MyTest.Dropdown">
        <test-method is-config="true" signature="Launch()[pri:0, instance:MyTest.Dropdown@f5ac9e4]" started-at="2023-11-26T22:11:49 IST" name="Launch" finished-at="2023-11-26T22:11:54 IST" duration-ms="4749" status="PASS">
          <reporter-output>
          </reporter-output>
        </test-method> <!-- Launch -->
        <test-method signature="Dropdownincrement()[pri:0, instance:MyTest.Dropdown@f5ac9e4]" started-at="2023-11-26T22:11:54 IST" name="Dropdownincrement" finished-at="2023-11-26T22:11:57 IST" duration-ms="2317" status="PASS">
          <reporter-output>
          </reporter-output>
        </test-method> <!-- Dropdownincrement -->
        <test-method signature="StaticDropdownTest()[pri:0, instance:MyTest.Dropdown@f5ac9e4]" started-at="2023-11-26T22:11:57 IST" name="StaticDropdownTest" finished-at="2023-11-26T22:11:57 IST" duration-ms="221" status="PASS">
          <reporter-output>
          </reporter-output>
        </test-method> <!-- StaticDropdownTest -->
      </class> <!-- MyTest.Dropdown -->
    </test> <!-- Default test -->
  </suite> <!-- Default suite -->
</testng-results>
