<?xml version="1.0" encoding="UTF-8"?>
<testng-results ignored="0" total="1" passed="1" failed="0" skipped="0">
  <reporter-output>
  </reporter-output>
  <suite started-at="2023-12-27T10:25:57 IST" name="Default suite" finished-at="2023-12-27T10:26:08 IST" duration-ms="11489">
    <groups>
    </groups>
    <test started-at="2023-12-27T10:25:57 IST" name="Default test" finished-at="2023-12-27T10:26:08 IST" duration-ms="11489">
      <class name="MyTest.Apple">
        <test-method signature="appleFooter()[pri:0, instance:MyTest.Apple@50b472aa]" started-at="2023-12-27T10:25:57 IST" name="appleFooter" finished-at="2023-12-27T10:26:08 IST" duration-ms="11445" status="PASS">
          <reporter-output>
          </reporter-output>
        </test-method> <!-- appleFooter -->
      </class> <!-- MyTest.Apple -->
    </test> <!-- Default test -->
  </suite> <!-- Default suite -->
</testng-results>
